<?xml version="1.0" encoding="UTF-8"?>
<robot generator="Robot 7.2.2 (Python 3.12.8 on darwin)" generated="2025-02-23T15:48:01.518676" rpa="true" schemaversion="5">
<suite id="s1" name="scenario E2E" source="/Users/user/Desktop/robot-web/tests/scenario_E2E.robot">
<test id="s1-t1" name="Running Automation from login to checkout" line="10">
<kw name="user open the saucedemo apps" owner="common">
<kw name="Set Selenium Implicit Wait" owner="SeleniumLibrary">
<arg>10</arg>
<doc>Sets the implicit wait value used by Selenium.</doc>
<status status="PASS" start="2025-02-23T15:48:01.629400" elapsed="0.000129"/>
</kw>
<kw name="Open Browser" owner="SeleniumLibrary">
<msg time="2025-02-23T15:48:01.629721" level="INFO">Opening browser 'chrome' to base url 'https://saucedemo.com'.</msg>
<arg>https://saucedemo.com</arg>
<arg>chrome</arg>
<doc>Opens a new browser instance to the optional ``url``.</doc>
<status status="PASS" start="2025-02-23T15:48:01.629628" elapsed="1.124080"/>
</kw>
<kw name="Maximize Browser Window" owner="SeleniumLibrary">
<doc>Maximizes current browser window.</doc>
<status status="PASS" start="2025-02-23T15:48:02.754040" elapsed="0.014809"/>
</kw>
<status status="PASS" start="2025-02-23T15:48:01.628905" elapsed="1.140070"/>
</kw>
<kw name="Delete Data" owner="common">
<kw name="Delete Data with API" owner="api_helper">
<msg time="2025-02-23T15:48:02.770532" level="FAIL">AttributeError: 'str' object has no attribute 'items'</msg>
<arg>${id}</arg>
<status status="FAIL" start="2025-02-23T15:48:02.769450" elapsed="0.004027">AttributeError: 'str' object has no attribute 'items'</status>
</kw>
<arg>89</arg>
<status status="FAIL" start="2025-02-23T15:48:02.769220" elapsed="0.004389">AttributeError: 'str' object has no attribute 'items'</status>
</kw>
<kw name="Hit Api to get Items" owner="common">
<arg>38</arg>
<status status="NOT RUN" start="2025-02-23T15:48:02.773777" elapsed="0.000028"/>
</kw>
<kw name="user input correct username" owner="login">
<arg>standard_user</arg>
<status status="NOT RUN" start="2025-02-23T15:48:02.773927" elapsed="0.000029"/>
</kw>
<kw name="user input correct password" owner="login">
<arg>secret_sauce</arg>
<status status="NOT RUN" start="2025-02-23T15:48:02.774058" elapsed="0.000018"/>
</kw>
<kw name="user click the login button" owner="login">
<status status="NOT RUN" start="2025-02-23T15:48:02.774162" elapsed="0.000016"/>
</kw>
<kw name="User should go to inventory page" owner="inventory">
<status status="NOT RUN" start="2025-02-23T15:48:02.774252" elapsed="0.000014"/>
</kw>
<kw name="User add 3 products to cart" owner="inventory">
<status status="NOT RUN" start="2025-02-23T15:48:02.774343" elapsed="0.000014"/>
</kw>
<kw name="User click cart to check selected items" owner="cart">
<status status="NOT RUN" start="2025-02-23T15:48:02.774429" elapsed="0.000014"/>
</kw>
<kw name="User click checkout button" owner="checkout">
<status status="NOT RUN" start="2025-02-23T15:48:02.774578" elapsed="0.000028"/>
</kw>
<kw name="User input First Name" owner="checkout">
<arg>Hanif</arg>
<status status="NOT RUN" start="2025-02-23T15:48:02.774700" elapsed="0.000018"/>
</kw>
<kw name="User input Last Name" owner="checkout">
<arg>Rahmatullah</arg>
<status status="NOT RUN" start="2025-02-23T15:48:02.774903" elapsed="0.000033"/>
</kw>
<kw name="User input ZIP/Postal Code" owner="checkout">
<arg>10110</arg>
<status status="NOT RUN" start="2025-02-23T15:48:02.775023" elapsed="0.000017"/>
</kw>
<kw name="User click continue button" owner="checkout">
<status status="NOT RUN" start="2025-02-23T15:48:02.775113" elapsed="0.000061"/>
</kw>
<kw name="User check all items and price in this page" owner="finish">
<status status="NOT RUN" start="2025-02-23T15:48:02.775349" elapsed="0.000029"/>
</kw>
<kw name="User click Finish button" owner="finish">
<status status="NOT RUN" start="2025-02-23T15:48:02.775473" elapsed="0.000014"/>
</kw>
<status status="FAIL" start="2025-02-23T15:48:01.627833" elapsed="1.147784">AttributeError: 'str' object has no attribute 'items'</status>
</test>
<status status="FAIL" start="2025-02-23T15:48:01.519889" elapsed="1.256164"/>
</suite>
<statistics>
<total>
<stat pass="0" fail="1" skip="0">All Tasks</stat>
</total>
<tag>
</tag>
<suite>
<stat name="scenario E2E" id="s1" pass="0" fail="1" skip="0">scenario E2E</stat>
</suite>
</statistics>
<errors>
</errors>
</robot>
