<?xml version="1.0" encoding="UTF-8"?>
<robot generator="Robot 7.2.2 (Python 3.12.8 on darwin)" generated="2025-02-17T17:37:43.496954" rpa="false" schemaversion="5">
<suite id="s1" name="Inventory Scenario" source="/Users/user/Desktop/robot-web/tests/inventory_scenario.robot">
<test id="s1-t1" name="Scenario: Verify default sorting is Name (A to Z)" line="8">
<kw name="user success login to sauce demo" owner="common" type="SETUP">
<kw name="user open the saucedemo apps" owner="common">
<kw name="Set Selenium Implicit Wait" owner="SeleniumLibrary">
<arg>10</arg>
<doc>Sets the implicit wait value used by Selenium.</doc>
<status status="PASS" start="2025-02-17T17:37:43.606539" elapsed="0.000114"/>
</kw>
<kw name="Open Browser" owner="SeleniumLibrary">
<msg time="2025-02-17T17:37:43.606832" level="INFO">Opening browser 'chrome' to base url 'https://saucedemo.com'.</msg>
<arg>https://saucedemo.com</arg>
<arg>chrome</arg>
<doc>Opens a new browser instance to the optional ``url``.</doc>
<status status="PASS" start="2025-02-17T17:37:43.606742" elapsed="5.938671"/>
</kw>
<kw name="Maximize Browser Window" owner="SeleniumLibrary">
<doc>Maximizes current browser window.</doc>
<status status="PASS" start="2025-02-17T17:37:49.545949" elapsed="0.369228"/>
</kw>
<status status="PASS" start="2025-02-17T17:37:43.606186" elapsed="6.309129"/>
</kw>
<kw name="user input correct username" owner="login">
<kw name="Input Text" owner="SeleniumLibrary">
<msg time="2025-02-17T17:37:49.916266" level="INFO">Typing text 'standard_user' into text field '//*[@id="user-name"]'.</msg>
<arg>${username_tb}</arg>
<arg>${username}</arg>
<doc>Types the given ``text`` into the text field identified by ``locator``.</doc>
<status status="PASS" start="2025-02-17T17:37:49.915810" elapsed="0.103039"/>
</kw>
<arg>standard_user</arg>
<status status="PASS" start="2025-02-17T17:37:49.915496" elapsed="0.103440"/>
</kw>
<kw name="user input correct password" owner="login">
<kw name="Input Password" owner="SeleniumLibrary">
<msg time="2025-02-17T17:37:50.019372" level="INFO">Typing password into text field '//*[@id="password"]'.</msg>
<msg time="2025-02-17T17:37:50.040703" level="INFO">Temporally setting log level to: NONE</msg>
<arg>${password_tb}</arg>
<arg>${password}</arg>
<doc>Types the given password into the text field identified by ``locator``.</doc>
<status status="PASS" start="2025-02-17T17:37:50.019237" elapsed="0.042651"/>
</kw>
<arg>secret_sauce</arg>
<status status="PASS" start="2025-02-17T17:37:50.019056" elapsed="0.042917"/>
</kw>
<kw name="user click the login button" owner="login">
<kw name="Click Element" owner="SeleniumLibrary">
<msg time="2025-02-17T17:37:50.062434" level="INFO">Clicking element '//*[@id="login-button"]'.</msg>
<arg>${login_btn}</arg>
<doc>Click the element identified by ``locator``.</doc>
<status status="PASS" start="2025-02-17T17:37:50.062249" elapsed="0.049512"/>
</kw>
<status status="PASS" start="2025-02-17T17:37:50.062087" elapsed="0.049755"/>
</kw>
<status status="PASS" start="2025-02-17T17:37:43.606004" elapsed="6.505873"/>
</kw>
<kw name="When User should go to inventory page" owner="inventory">
<kw name="Element Text Should Be" owner="SeleniumLibrary">
<msg time="2025-02-17T17:37:50.112818" level="INFO">Verifying element '//span[contains(text(), 'Products')]' contains exact text 'Products'.</msg>
<arg>${title_prod_txt}</arg>
<arg>Products</arg>
<doc>Verifies that element ``locator`` contains exact the text ``expected``.</doc>
<status status="PASS" start="2025-02-17T17:37:50.112560" elapsed="0.015213"/>
</kw>
<kw name="Select From List By Label" owner="SeleniumLibrary">
<msg time="2025-02-17T17:37:50.128092" level="INFO">Selecting options from selection list '//select[@class='product_sort_container']' by label Price (high to low).</msg>
<arg>${select_sort}</arg>
<arg>Price (high to low)</arg>
<doc>Selects options from selection list ``locator`` by ``labels``.</doc>
<status status="PASS" start="2025-02-17T17:37:50.127917" elapsed="0.043464"/>
</kw>
<status status="PASS" start="2025-02-17T17:37:50.112247" elapsed="0.059273"/>
</kw>
<kw name="Then dropdown display value is Name (A to Z)" owner="inventory">
<kw name="Element Text Should Be" owner="SeleniumLibrary">
<msg time="2025-02-17T17:37:50.172072" level="INFO">Verifying element '//select[@class='product_sort_container']' contains exact text 'Name (A to Z)'.</msg>
<msg time="2025-02-17T17:37:50.441395" level="INFO" html="true">&lt;/td&gt;&lt;/tr&gt;&lt;tr&gt;&lt;td colspan="3"&gt;&lt;a href="selenium-screenshot-20.png"&gt;&lt;img src="selenium-screenshot-20.png" width="800px"&gt;&lt;/a&gt;</msg>
<msg time="2025-02-17T17:37:50.441667" level="FAIL">The text of element '//select[@class='product_sort_container']' should have been 'Name (A to Z)' but it was 'Name (A to Z)
Name (Z to A)
Price (low to high)
Price (high to low)'.</msg>
<arg>${select_sort}</arg>
<arg>Name (A to Z)</arg>
<doc>Verifies that element ``locator`` contains exact the text ``expected``.</doc>
<status status="FAIL" start="2025-02-17T17:37:50.171943" elapsed="0.272668">The text of element '//select[@class='product_sort_container']' should have been 'Name (A to Z)' but it was 'Name (A to Z)
Name (Z to A)
Price (low to high)
Price (high to low)'.</status>
</kw>
<status status="FAIL" start="2025-02-17T17:37:50.171770" elapsed="0.272968">The text of element '//select[@class='product_sort_container']' should have been 'Name (A to Z)' but it was 'Name (A to Z)
Name (Z to A)
Price (low to high)
Price (high to low)'.</status>
</kw>
<kw name="Browser automatically close" owner="common" type="TEARDOWN">
<kw name="Sleep" owner="BuiltIn">
<msg time="2025-02-17T17:37:52.447895" level="INFO">Slept 2 seconds.</msg>
<arg>2</arg>
<doc>Pauses the test executed for the given time.</doc>
<status status="PASS" start="2025-02-17T17:37:50.445131" elapsed="2.003410"/>
</kw>
<kw name="Close All Browsers" owner="SeleniumLibrary">
<doc>Closes all open browsers and resets the browser cache.</doc>
<status status="PASS" start="2025-02-17T17:37:52.449036" elapsed="0.084429"/>
</kw>
<status status="PASS" start="2025-02-17T17:37:50.444961" elapsed="2.088593"/>
</kw>
<status status="FAIL" start="2025-02-17T17:37:43.605588" elapsed="8.928037">The text of element '//select[@class='product_sort_container']' should have been 'Name (A to Z)' but it was 'Name (A to Z)
Name (Z to A)
Price (low to high)
Price (high to low)'.</status>
</test>
<status status="FAIL" start="2025-02-17T17:37:43.497705" elapsed="9.036281"/>
</suite>
<statistics>
<total>
<stat pass="0" fail="1" skip="0">All Tests</stat>
</total>
<tag>
</tag>
<suite>
<stat name="Inventory Scenario" id="s1" pass="0" fail="1" skip="0">Inventory Scenario</stat>
</suite>
</statistics>
<errors>
</errors>
</robot>
