<?xml version="1.0" encoding="UTF-8"?>
<robot generator="Robot 7.2.2 (Python 3.12.8 on darwin)" generated="2025-02-17T15:52:40.696794" rpa="false" schemaversion="5">
<suite id="s1" name="Login Scenario" source="/Users/user/Desktop/robot-web/tests/login_scenario.robot">
<test id="s1-t1" name="Scenario: Verify user should be login using valid username and password" line="8">
<for flavor="IN">
<iter>
<kw name="Given user open the saucedemo apps" owner="common">
<kw name="Set Selenium Implicit Wait" owner="SeleniumLibrary">
<arg>10</arg>
<doc>Sets the implicit wait value used by Selenium.</doc>
<status status="PASS" start="2025-02-17T15:52:40.800892" elapsed="0.000118"/>
</kw>
<kw name="Open Browser" owner="SeleniumLibrary">
<msg time="2025-02-17T15:52:40.801192" level="INFO">Opening browser 'chrome' to base url 'https://saucedemo.com'.</msg>
<arg>https://saucedemo.com</arg>
<arg>chrome</arg>
<doc>Opens a new browser instance to the optional ``url``.</doc>
<status status="PASS" start="2025-02-17T15:52:40.801104" elapsed="1.141773"/>
</kw>
<kw name="Maximize Browser Window" owner="SeleniumLibrary">
<doc>Maximizes current browser window.</doc>
<status status="PASS" start="2025-02-17T15:52:41.943214" elapsed="0.365838"/>
</kw>
<status status="PASS" start="2025-02-17T15:52:40.800481" elapsed="1.508680"/>
</kw>
<kw name="When user input correct username" owner="login">
<kw name="Input Text" owner="SeleniumLibrary">
<msg time="2025-02-17T15:52:42.309869" level="INFO">Typing text 'standard_user' into text field '//*[@id="user-name"]'.</msg>
<arg>${username_tb}</arg>
<arg>${username}</arg>
<doc>Types the given ``text`` into the text field identified by ``locator``.</doc>
<status status="PASS" start="2025-02-17T15:52:42.309593" elapsed="0.094332"/>
</kw>
<arg>${users}</arg>
<status status="PASS" start="2025-02-17T15:52:42.309359" elapsed="0.094659"/>
</kw>
<kw name="And user input correct password" owner="login">
<kw name="Input Password" owner="SeleniumLibrary">
<msg time="2025-02-17T15:52:42.404482" level="INFO">Typing password into text field '//*[@id="password"]'.</msg>
<msg time="2025-02-17T15:52:42.422104" level="INFO">Temporally setting log level to: NONE</msg>
<arg>${password_tb}</arg>
<arg>${password}</arg>
<doc>Types the given password into the text field identified by ``locator``.</doc>
<status status="PASS" start="2025-02-17T15:52:42.404346" elapsed="0.041887"/>
</kw>
<arg>secret_sauce</arg>
<status status="PASS" start="2025-02-17T15:52:42.404156" elapsed="0.042185"/>
</kw>
<kw name="And User click the login button" owner="login">
<kw name="Click Element" owner="SeleniumLibrary">
<msg time="2025-02-17T15:52:42.446823" level="INFO">Clicking element '//*[@id="login-button"]'.</msg>
<arg>${login_btn}</arg>
<doc>Click the element identified by ``locator``.</doc>
<status status="PASS" start="2025-02-17T15:52:42.446691" elapsed="0.046465"/>
</kw>
<status status="PASS" start="2025-02-17T15:52:42.446496" elapsed="0.046742"/>
</kw>
<kw name="Then User should go to inventory page" owner="inventory">
<kw name="Element Text Should Be" owner="SeleniumLibrary">
<msg time="2025-02-17T15:52:42.493664" level="INFO">Verifying element '//span[contains(text(), 'Products')]' contains exact text 'Products'.</msg>
<arg>${title_prod_txt}</arg>
<arg>Products</arg>
<doc>Verifies that element ``locator`` contains exact the text ``expected``.</doc>
<status status="PASS" start="2025-02-17T15:52:42.493534" elapsed="0.013030"/>
</kw>
<kw name="Select From List By Label" owner="SeleniumLibrary">
<msg time="2025-02-17T15:52:42.506855" level="INFO">Selecting options from selection list '//select[@class='product_sort_container']' by label Price (high to low).</msg>
<arg>${select_sort}</arg>
<arg>Price (high to low)</arg>
<doc>Selects options from selection list ``locator`` by ``labels``.</doc>
<status status="PASS" start="2025-02-17T15:52:42.506703" elapsed="0.037853"/>
</kw>
<status status="PASS" start="2025-02-17T15:52:42.493368" elapsed="0.051273"/>
</kw>
<kw name="And Browser automatically close" owner="common">
<kw name="Sleep" owner="BuiltIn">
<msg time="2025-02-17T15:52:44.545734" level="INFO">Slept 2 seconds.</msg>
<arg>2</arg>
<doc>Pauses the test executed for the given time.</doc>
<status status="PASS" start="2025-02-17T15:52:42.544999" elapsed="2.001057"/>
</kw>
<kw name="Close Browser" owner="SeleniumLibrary">
<doc>Closes the current browser.</doc>
<status status="PASS" start="2025-02-17T15:52:44.546691" elapsed="0.086021"/>
</kw>
<status status="PASS" start="2025-02-17T15:52:42.544805" elapsed="2.088004"/>
</kw>
<var name="${users}">standard_user</var>
<status status="PASS" start="2025-02-17T15:52:40.800235" elapsed="3.832602"/>
</iter>
<iter>
<kw name="Given user open the saucedemo apps" owner="common">
<kw name="Set Selenium Implicit Wait" owner="SeleniumLibrary">
<arg>10</arg>
<doc>Sets the implicit wait value used by Selenium.</doc>
<status status="PASS" start="2025-02-17T15:52:44.633241" elapsed="0.000108"/>
</kw>
<kw name="Open Browser" owner="SeleniumLibrary">
<msg time="2025-02-17T15:52:44.633506" level="INFO">Opening browser 'chrome' to base url 'https://saucedemo.com'.</msg>
<arg>https://saucedemo.com</arg>
<arg>chrome</arg>
<doc>Opens a new browser instance to the optional ``url``.</doc>
<status status="PASS" start="2025-02-17T15:52:44.633423" elapsed="1.069067"/>
</kw>
<kw name="Maximize Browser Window" owner="SeleniumLibrary">
<doc>Maximizes current browser window.</doc>
<status status="PASS" start="2025-02-17T15:52:45.702830" elapsed="0.366058"/>
</kw>
<status status="PASS" start="2025-02-17T15:52:44.633085" elapsed="1.435911"/>
</kw>
<kw name="When user input correct username" owner="login">
<kw name="Input Text" owner="SeleniumLibrary">
<msg time="2025-02-17T15:52:46.069592" level="INFO">Typing text 'problem_user' into text field '//*[@id="user-name"]'.</msg>
<arg>${username_tb}</arg>
<arg>${username}</arg>
<doc>Types the given ``text`` into the text field identified by ``locator``.</doc>
<status status="PASS" start="2025-02-17T15:52:46.069434" elapsed="0.093672"/>
</kw>
<arg>${users}</arg>
<status status="PASS" start="2025-02-17T15:52:46.069198" elapsed="0.093989"/>
</kw>
<kw name="And user input correct password" owner="login">
<kw name="Input Password" owner="SeleniumLibrary">
<msg time="2025-02-17T15:52:46.163636" level="INFO">Typing password into text field '//*[@id="password"]'.</msg>
<msg time="2025-02-17T15:52:46.182103" level="INFO">Temporally setting log level to: NONE</msg>
<arg>${password_tb}</arg>
<arg>${password}</arg>
<doc>Types the given password into the text field identified by ``locator``.</doc>
<status status="PASS" start="2025-02-17T15:52:46.163502" elapsed="0.041083"/>
</kw>
<arg>secret_sauce</arg>
<status status="PASS" start="2025-02-17T15:52:46.163316" elapsed="0.041360"/>
</kw>
<kw name="And User click the login button" owner="login">
<kw name="Click Element" owner="SeleniumLibrary">
<msg time="2025-02-17T15:52:46.205091" level="INFO">Clicking element '//*[@id="login-button"]'.</msg>
<arg>${login_btn}</arg>
<doc>Click the element identified by ``locator``.</doc>
<status status="PASS" start="2025-02-17T15:52:46.204972" elapsed="0.046344"/>
</kw>
<status status="PASS" start="2025-02-17T15:52:46.204807" elapsed="0.046622"/>
</kw>
<kw name="Then User should go to inventory page" owner="inventory">
<kw name="Element Text Should Be" owner="SeleniumLibrary">
<msg time="2025-02-17T15:52:46.251884" level="INFO">Verifying element '//span[contains(text(), 'Products')]' contains exact text 'Products'.</msg>
<arg>${title_prod_txt}</arg>
<arg>Products</arg>
<doc>Verifies that element ``locator`` contains exact the text ``expected``.</doc>
<status status="PASS" start="2025-02-17T15:52:46.251749" elapsed="0.013081"/>
</kw>
<kw name="Select From List By Label" owner="SeleniumLibrary">
<msg time="2025-02-17T15:52:46.265169" level="INFO">Selecting options from selection list '//select[@class='product_sort_container']' by label Price (high to low).</msg>
<arg>${select_sort}</arg>
<arg>Price (high to low)</arg>
<doc>Selects options from selection list ``locator`` by ``labels``.</doc>
<status status="PASS" start="2025-02-17T15:52:46.264983" elapsed="0.037885"/>
</kw>
<status status="PASS" start="2025-02-17T15:52:46.251579" elapsed="0.051459"/>
</kw>
<kw name="And Browser automatically close" owner="common">
<kw name="Sleep" owner="BuiltIn">
<msg time="2025-02-17T15:52:48.303976" level="INFO">Slept 2 seconds.</msg>
<arg>2</arg>
<doc>Pauses the test executed for the given time.</doc>
<status status="PASS" start="2025-02-17T15:52:46.303376" elapsed="2.001223"/>
</kw>
<kw name="Close Browser" owner="SeleniumLibrary">
<doc>Closes the current browser.</doc>
<status status="PASS" start="2025-02-17T15:52:48.305552" elapsed="0.082677"/>
</kw>
<status status="PASS" start="2025-02-17T15:52:46.303204" elapsed="2.085115"/>
</kw>
<var name="${users}">problem_user</var>
<status status="PASS" start="2025-02-17T15:52:44.632971" elapsed="3.755379"/>
</iter>
<iter>
<kw name="Given user open the saucedemo apps" owner="common">
<kw name="Set Selenium Implicit Wait" owner="SeleniumLibrary">
<arg>10</arg>
<doc>Sets the implicit wait value used by Selenium.</doc>
<status status="PASS" start="2025-02-17T15:52:48.388763" elapsed="0.000106"/>
</kw>
<kw name="Open Browser" owner="SeleniumLibrary">
<msg time="2025-02-17T15:52:48.389032" level="INFO">Opening browser 'chrome' to base url 'https://saucedemo.com'.</msg>
<arg>https://saucedemo.com</arg>
<arg>chrome</arg>
<doc>Opens a new browser instance to the optional ``url``.</doc>
<status status="PASS" start="2025-02-17T15:52:48.388941" elapsed="0.973259"/>
</kw>
<kw name="Maximize Browser Window" owner="SeleniumLibrary">
<doc>Maximizes current browser window.</doc>
<status status="PASS" start="2025-02-17T15:52:49.362535" elapsed="0.369516"/>
</kw>
<status status="PASS" start="2025-02-17T15:52:48.388604" elapsed="1.343553"/>
</kw>
<kw name="When user input correct username" owner="login">
<kw name="Input Text" owner="SeleniumLibrary">
<msg time="2025-02-17T15:52:49.732867" level="INFO">Typing text 'performance_glitch_user' into text field '//*[@id="user-name"]'.</msg>
<arg>${username_tb}</arg>
<arg>${username}</arg>
<doc>Types the given ``text`` into the text field identified by ``locator``.</doc>
<status status="PASS" start="2025-02-17T15:52:49.732671" elapsed="0.099274"/>
</kw>
<arg>${users}</arg>
<status status="PASS" start="2025-02-17T15:52:49.732354" elapsed="0.099671"/>
</kw>
<kw name="And user input correct password" owner="login">
<kw name="Input Password" owner="SeleniumLibrary">
<msg time="2025-02-17T15:52:49.832469" level="INFO">Typing password into text field '//*[@id="password"]'.</msg>
<msg time="2025-02-17T15:52:49.851142" level="INFO">Temporally setting log level to: NONE</msg>
<arg>${password_tb}</arg>
<arg>${password}</arg>
<doc>Types the given password into the text field identified by ``locator``.</doc>
<status status="PASS" start="2025-02-17T15:52:49.832341" elapsed="0.040709"/>
</kw>
<arg>secret_sauce</arg>
<status status="PASS" start="2025-02-17T15:52:49.832158" elapsed="0.041046"/>
</kw>
<kw name="And User click the login button" owner="login">
<kw name="Click Element" owner="SeleniumLibrary">
<msg time="2025-02-17T15:52:49.873688" level="INFO">Clicking element '//*[@id="login-button"]'.</msg>
<arg>${login_btn}</arg>
<doc>Click the element identified by ``locator``.</doc>
<status status="PASS" start="2025-02-17T15:52:49.873559" elapsed="5.049994"/>
</kw>
<status status="PASS" start="2025-02-17T15:52:49.873358" elapsed="5.050290"/>
</kw>
<kw name="Then User should go to inventory page" owner="inventory">
<kw name="Element Text Should Be" owner="SeleniumLibrary">
<msg time="2025-02-17T15:52:54.924428" level="INFO">Verifying element '//span[contains(text(), 'Products')]' contains exact text 'Products'.</msg>
<arg>${title_prod_txt}</arg>
<arg>Products</arg>
<doc>Verifies that element ``locator`` contains exact the text ``expected``.</doc>
<status status="PASS" start="2025-02-17T15:52:54.924233" elapsed="0.014123"/>
</kw>
<kw name="Select From List By Label" owner="SeleniumLibrary">
<msg time="2025-02-17T15:52:54.938697" level="INFO">Selecting options from selection list '//select[@class='product_sort_container']' by label Price (high to low).</msg>
<arg>${select_sort}</arg>
<arg>Price (high to low)</arg>
<doc>Selects options from selection list ``locator`` by ``labels``.</doc>
<status status="PASS" start="2025-02-17T15:52:54.938496" elapsed="5.049858"/>
</kw>
<status status="PASS" start="2025-02-17T15:52:54.923787" elapsed="5.064655"/>
</kw>
<kw name="And Browser automatically close" owner="common">
<kw name="Sleep" owner="BuiltIn">
<msg time="2025-02-17T15:53:01.991142" level="INFO">Slept 2 seconds.</msg>
<arg>2</arg>
<doc>Pauses the test executed for the given time.</doc>
<status status="PASS" start="2025-02-17T15:52:59.988973" elapsed="2.002769"/>
</kw>
<kw name="Close Browser" owner="SeleniumLibrary">
<doc>Closes the current browser.</doc>
<status status="PASS" start="2025-02-17T15:53:01.992664" elapsed="0.083327"/>
</kw>
<status status="PASS" start="2025-02-17T15:52:59.988750" elapsed="2.087329"/>
</kw>
<var name="${users}">performance_glitch_user</var>
<status status="PASS" start="2025-02-17T15:52:48.388486" elapsed="13.687623"/>
</iter>
<iter>
<kw name="Given user open the saucedemo apps" owner="common">
<kw name="Set Selenium Implicit Wait" owner="SeleniumLibrary">
<arg>10</arg>
<doc>Sets the implicit wait value used by Selenium.</doc>
<status status="PASS" start="2025-02-17T15:53:02.076649" elapsed="0.000115"/>
</kw>
<kw name="Open Browser" owner="SeleniumLibrary">
<msg time="2025-02-17T15:53:02.076944" level="INFO">Opening browser 'chrome' to base url 'https://saucedemo.com'.</msg>
<arg>https://saucedemo.com</arg>
<arg>chrome</arg>
<doc>Opens a new browser instance to the optional ``url``.</doc>
<status status="PASS" start="2025-02-17T15:53:02.076855" elapsed="1.041186"/>
</kw>
<kw name="Maximize Browser Window" owner="SeleniumLibrary">
<doc>Maximizes current browser window.</doc>
<status status="PASS" start="2025-02-17T15:53:03.118360" elapsed="0.365926"/>
</kw>
<status status="PASS" start="2025-02-17T15:53:02.076436" elapsed="1.407951"/>
</kw>
<kw name="When user input correct username" owner="login">
<kw name="Input Text" owner="SeleniumLibrary">
<msg time="2025-02-17T15:53:03.484968" level="INFO">Typing text 'error_user' into text field '//*[@id="user-name"]'.</msg>
<arg>${username_tb}</arg>
<arg>${username}</arg>
<doc>Types the given ``text`` into the text field identified by ``locator``.</doc>
<status status="PASS" start="2025-02-17T15:53:03.484808" elapsed="0.093824"/>
</kw>
<arg>${users}</arg>
<status status="PASS" start="2025-02-17T15:53:03.484573" elapsed="0.094157"/>
</kw>
<kw name="And user input correct password" owner="login">
<kw name="Input Password" owner="SeleniumLibrary">
<msg time="2025-02-17T15:53:03.579181" level="INFO">Typing password into text field '//*[@id="password"]'.</msg>
<msg time="2025-02-17T15:53:03.597620" level="INFO">Temporally setting log level to: NONE</msg>
<arg>${password_tb}</arg>
<arg>${password}</arg>
<doc>Types the given password into the text field identified by ``locator``.</doc>
<status status="PASS" start="2025-02-17T15:53:03.579048" elapsed="0.041096"/>
</kw>
<arg>secret_sauce</arg>
<status status="PASS" start="2025-02-17T15:53:03.578862" elapsed="0.041364"/>
</kw>
<kw name="And User click the login button" owner="login">
<kw name="Click Element" owner="SeleniumLibrary">
<msg time="2025-02-17T15:53:03.620655" level="INFO">Clicking element '//*[@id="login-button"]'.</msg>
<arg>${login_btn}</arg>
<doc>Click the element identified by ``locator``.</doc>
<status status="PASS" start="2025-02-17T15:53:03.620526" elapsed="0.048117"/>
</kw>
<status status="PASS" start="2025-02-17T15:53:03.620354" elapsed="0.048373"/>
</kw>
<kw name="Then User should go to inventory page" owner="inventory">
<kw name="Element Text Should Be" owner="SeleniumLibrary">
<msg time="2025-02-17T15:53:03.669221" level="INFO">Verifying element '//span[contains(text(), 'Products')]' contains exact text 'Products'.</msg>
<arg>${title_prod_txt}</arg>
<arg>Products</arg>
<doc>Verifies that element ``locator`` contains exact the text ``expected``.</doc>
<status status="PASS" start="2025-02-17T15:53:03.669092" elapsed="0.013226"/>
</kw>
<kw name="Select From List By Label" owner="SeleniumLibrary">
<msg time="2025-02-17T15:53:03.682733" level="INFO">Selecting options from selection list '//select[@class='product_sort_container']' by label Price (high to low).</msg>
<arg>${select_sort}</arg>
<arg>Price (high to low)</arg>
<doc>Selects options from selection list ``locator`` by ``labels``.</doc>
<status status="PASS" start="2025-02-17T15:53:03.682555" elapsed="0.050963"/>
</kw>
<status status="PASS" start="2025-02-17T15:53:03.668916" elapsed="0.064685"/>
</kw>
<kw name="And Browser automatically close" owner="common">
<kw name="Sleep" owner="BuiltIn">
<msg time="2025-02-17T15:53:05.734419" level="INFO">Slept 2 seconds.</msg>
<arg>2</arg>
<doc>Pauses the test executed for the given time.</doc>
<status status="PASS" start="2025-02-17T15:53:03.733901" elapsed="2.001121"/>
</kw>
<kw name="Close Browser" owner="SeleniumLibrary">
<doc>Closes the current browser.</doc>
<status status="PASS" start="2025-02-17T15:53:05.735863" elapsed="0.081165"/>
</kw>
<status status="PASS" start="2025-02-17T15:53:03.733735" elapsed="2.083406"/>
</kw>
<var name="${users}">error_user</var>
<status status="PASS" start="2025-02-17T15:53:02.076245" elapsed="3.740929"/>
</iter>
<iter>
<kw name="Given user open the saucedemo apps" owner="common">
<kw name="Set Selenium Implicit Wait" owner="SeleniumLibrary">
<arg>10</arg>
<doc>Sets the implicit wait value used by Selenium.</doc>
<status status="PASS" start="2025-02-17T15:53:05.817753" elapsed="0.000151"/>
</kw>
<kw name="Open Browser" owner="SeleniumLibrary">
<msg time="2025-02-17T15:53:05.818076" level="INFO">Opening browser 'chrome' to base url 'https://saucedemo.com'.</msg>
<arg>https://saucedemo.com</arg>
<arg>chrome</arg>
<doc>Opens a new browser instance to the optional ``url``.</doc>
<status status="PASS" start="2025-02-17T15:53:05.817989" elapsed="1.013947"/>
</kw>
<kw name="Maximize Browser Window" owner="SeleniumLibrary">
<doc>Maximizes current browser window.</doc>
<status status="PASS" start="2025-02-17T15:53:06.832289" elapsed="0.366641"/>
</kw>
<status status="PASS" start="2025-02-17T15:53:05.817567" elapsed="1.381462"/>
</kw>
<kw name="When user input correct username" owner="login">
<kw name="Input Text" owner="SeleniumLibrary">
<msg time="2025-02-17T15:53:07.199597" level="INFO">Typing text 'visual_user' into text field '//*[@id="user-name"]'.</msg>
<arg>${username_tb}</arg>
<arg>${username}</arg>
<doc>Types the given ``text`` into the text field identified by ``locator``.</doc>
<status status="PASS" start="2025-02-17T15:53:07.199437" elapsed="0.097528"/>
</kw>
<arg>${users}</arg>
<status status="PASS" start="2025-02-17T15:53:07.199202" elapsed="0.097841"/>
</kw>
<kw name="And user input correct password" owner="login">
<kw name="Input Password" owner="SeleniumLibrary">
<msg time="2025-02-17T15:53:07.297491" level="INFO">Typing password into text field '//*[@id="password"]'.</msg>
<msg time="2025-02-17T15:53:07.315740" level="INFO">Temporally setting log level to: NONE</msg>
<arg>${password_tb}</arg>
<arg>${password}</arg>
<doc>Types the given password into the text field identified by ``locator``.</doc>
<status status="PASS" start="2025-02-17T15:53:07.297365" elapsed="0.041901"/>
</kw>
<arg>secret_sauce</arg>
<status status="PASS" start="2025-02-17T15:53:07.297180" elapsed="0.042167"/>
</kw>
<kw name="And User click the login button" owner="login">
<kw name="Click Element" owner="SeleniumLibrary">
<msg time="2025-02-17T15:53:07.339906" level="INFO">Clicking element '//*[@id="login-button"]'.</msg>
<arg>${login_btn}</arg>
<doc>Click the element identified by ``locator``.</doc>
<status status="PASS" start="2025-02-17T15:53:07.339747" elapsed="0.052454"/>
</kw>
<status status="PASS" start="2025-02-17T15:53:07.339523" elapsed="0.052788"/>
</kw>
<kw name="Then User should go to inventory page" owner="inventory">
<kw name="Element Text Should Be" owner="SeleniumLibrary">
<msg time="2025-02-17T15:53:07.394407" level="INFO">Verifying element '//span[contains(text(), 'Products')]' contains exact text 'Products'.</msg>
<arg>${title_prod_txt}</arg>
<arg>Products</arg>
<doc>Verifies that element ``locator`` contains exact the text ``expected``.</doc>
<status status="PASS" start="2025-02-17T15:53:07.393600" elapsed="0.014380"/>
</kw>
<kw name="Select From List By Label" owner="SeleniumLibrary">
<msg time="2025-02-17T15:53:07.408288" level="INFO">Selecting options from selection list '//select[@class='product_sort_container']' by label Price (high to low).</msg>
<arg>${select_sort}</arg>
<arg>Price (high to low)</arg>
<doc>Selects options from selection list ``locator`` by ``labels``.</doc>
<status status="PASS" start="2025-02-17T15:53:07.408121" elapsed="0.039179"/>
</kw>
<status status="PASS" start="2025-02-17T15:53:07.392943" elapsed="0.054435"/>
</kw>
<kw name="And Browser automatically close" owner="common">
<kw name="Sleep" owner="BuiltIn">
<msg time="2025-02-17T15:53:09.447917" level="INFO">Slept 2 seconds.</msg>
<arg>2</arg>
<doc>Pauses the test executed for the given time.</doc>
<status status="PASS" start="2025-02-17T15:53:07.447681" elapsed="2.000436"/>
</kw>
<kw name="Close Browser" owner="SeleniumLibrary">
<doc>Closes the current browser.</doc>
<status status="PASS" start="2025-02-17T15:53:09.448396" elapsed="0.079271"/>
</kw>
<status status="PASS" start="2025-02-17T15:53:07.447516" elapsed="2.080271"/>
</kw>
<var name="${users}">visual_user</var>
<status status="PASS" start="2025-02-17T15:53:05.817395" elapsed="3.710435"/>
</iter>
<var>${users}</var>
<value>@{valid_username}</value>
<status status="PASS" start="2025-02-17T15:52:40.800109" elapsed="28.727802"/>
</for>
<status status="PASS" start="2025-02-17T15:52:40.799908" elapsed="28.728214"/>
</test>
<test id="s1-t2" name="Scenario: Verify user should be failed login with empty username and empty password" line="19">
<kw name="Given user open the saucedemo apps" owner="common">
<kw name="Set Selenium Implicit Wait" owner="SeleniumLibrary">
<arg>10</arg>
<doc>Sets the implicit wait value used by Selenium.</doc>
<status status="PASS" start="2025-02-17T15:53:09.528913" elapsed="0.000115"/>
</kw>
<kw name="Open Browser" owner="SeleniumLibrary">
<msg time="2025-02-17T15:53:09.529209" level="INFO">Opening browser 'chrome' to base url 'https://saucedemo.com'.</msg>
<arg>https://saucedemo.com</arg>
<arg>chrome</arg>
<doc>Opens a new browser instance to the optional ``url``.</doc>
<status status="PASS" start="2025-02-17T15:53:09.529118" elapsed="1.036101"/>
</kw>
<kw name="Maximize Browser Window" owner="SeleniumLibrary">
<doc>Maximizes current browser window.</doc>
<status status="PASS" start="2025-02-17T15:53:10.565576" elapsed="0.367694"/>
</kw>
<status status="PASS" start="2025-02-17T15:53:09.528716" elapsed="1.404778"/>
</kw>
<kw name="When user doesn't fill username" owner="login">
<kw name="Clear Element Text" owner="SeleniumLibrary">
<arg>${username_tb}</arg>
<doc>Clears the value of the text-input-element identified by ``locator``.</doc>
<status status="PASS" start="2025-02-17T15:53:10.933963" elapsed="0.025221"/>
</kw>
<status status="PASS" start="2025-02-17T15:53:10.933755" elapsed="0.025518"/>
</kw>
<kw name="And user doesn't fill password" owner="login">
<kw name="Clear Element Text" owner="SeleniumLibrary">
<arg>${password_tb}</arg>
<doc>Clears the value of the text-input-element identified by ``locator``.</doc>
<status status="PASS" start="2025-02-17T15:53:10.959621" elapsed="0.018171"/>
</kw>
<status status="PASS" start="2025-02-17T15:53:10.959452" elapsed="0.018475"/>
</kw>
<kw name="And User click the login button" owner="login">
<kw name="Click Element" owner="SeleniumLibrary">
<msg time="2025-02-17T15:53:10.978425" level="INFO">Clicking element '//*[@id="login-button"]'.</msg>
<arg>${login_btn}</arg>
<doc>Click the element identified by ``locator``.</doc>
<status status="PASS" start="2025-02-17T15:53:10.978299" elapsed="0.040600"/>
</kw>
<status status="PASS" start="2025-02-17T15:53:10.978124" elapsed="0.040852"/>
</kw>
<kw name="Then User can't login to system because username and password are empty" owner="login">
<kw name="Element Text Should Be" owner="SeleniumLibrary">
<msg time="2025-02-17T15:53:11.020311" level="INFO">Verifying element '//h3[@data-test='error']' contains exact text 'Epic sadface: Username is required'.</msg>
<arg>${msg_login_validation}</arg>
<arg>Epic sadface: Username is required</arg>
<doc>Verifies that element ``locator`` contains exact the text ``expected``.</doc>
<status status="PASS" start="2025-02-17T15:53:11.019314" elapsed="0.014403"/>
</kw>
<status status="PASS" start="2025-02-17T15:53:11.019153" elapsed="0.014644"/>
</kw>
<kw name="And Browser automatically close" owner="common">
<kw name="Sleep" owner="BuiltIn">
<msg time="2025-02-17T15:53:13.035246" level="INFO">Slept 2 seconds.</msg>
<arg>2</arg>
<doc>Pauses the test executed for the given time.</doc>
<status status="PASS" start="2025-02-17T15:53:11.034164" elapsed="2.001405"/>
</kw>
<kw name="Close Browser" owner="SeleniumLibrary">
<doc>Closes the current browser.</doc>
<status status="PASS" start="2025-02-17T15:53:13.036029" elapsed="0.080919"/>
</kw>
<status status="PASS" start="2025-02-17T15:53:11.033981" elapsed="2.083052"/>
</kw>
<status status="PASS" start="2025-02-17T15:53:09.528317" elapsed="3.588850"/>
</test>
<test id="s1-t3" name="Scenario: Verify user should be failed login without input username" line="27">
<kw name="Given user open the saucedemo apps" owner="common">
<kw name="Set Selenium Implicit Wait" owner="SeleniumLibrary">
<arg>10</arg>
<doc>Sets the implicit wait value used by Selenium.</doc>
<status status="PASS" start="2025-02-17T15:53:13.117730" elapsed="0.000102"/>
</kw>
<kw name="Open Browser" owner="SeleniumLibrary">
<msg time="2025-02-17T15:53:13.117993" level="INFO">Opening browser 'chrome' to base url 'https://saucedemo.com'.</msg>
<arg>https://saucedemo.com</arg>
<arg>chrome</arg>
<doc>Opens a new browser instance to the optional ``url``.</doc>
<status status="PASS" start="2025-02-17T15:53:13.117910" elapsed="4.021174"/>
</kw>
<kw name="Maximize Browser Window" owner="SeleniumLibrary">
<doc>Maximizes current browser window.</doc>
<status status="PASS" start="2025-02-17T15:53:17.139423" elapsed="0.367704"/>
</kw>
<status status="PASS" start="2025-02-17T15:53:13.117586" elapsed="4.389642"/>
</kw>
<kw name="When user doesn't fill username" owner="login">
<kw name="Clear Element Text" owner="SeleniumLibrary">
<arg>${username_tb}</arg>
<doc>Clears the value of the text-input-element identified by ``locator``.</doc>
<status status="PASS" start="2025-02-17T15:53:17.507699" elapsed="0.042753"/>
</kw>
<status status="PASS" start="2025-02-17T15:53:17.507457" elapsed="0.043729"/>
</kw>
<kw name="And user input correct password" owner="login">
<kw name="Input Password" owner="SeleniumLibrary">
<msg time="2025-02-17T15:53:17.552929" level="INFO">Typing password into text field '//*[@id="password"]'.</msg>
<msg time="2025-02-17T15:53:17.570102" level="INFO">Temporally setting log level to: NONE</msg>
<arg>${password_tb}</arg>
<arg>${password}</arg>
<doc>Types the given password into the text field identified by ``locator``.</doc>
<status status="PASS" start="2025-02-17T15:53:17.552697" elapsed="0.093091"/>
</kw>
<arg>secret_sauce</arg>
<status status="PASS" start="2025-02-17T15:53:17.552072" elapsed="0.093796"/>
</kw>
<kw name="And User click the login button" owner="login">
<kw name="Click Element" owner="SeleniumLibrary">
<msg time="2025-02-17T15:53:17.646434" level="INFO">Clicking element '//*[@id="login-button"]'.</msg>
<arg>${login_btn}</arg>
<doc>Click the element identified by ``locator``.</doc>
<status status="PASS" start="2025-02-17T15:53:17.646312" elapsed="0.039278"/>
</kw>
<status status="PASS" start="2025-02-17T15:53:17.646125" elapsed="0.039550"/>
</kw>
<kw name="Then User can't login to system because username only is empty" owner="login">
<kw name="Element Text Should Be" owner="SeleniumLibrary">
<msg time="2025-02-17T15:53:17.686167" level="INFO">Verifying element '//h3[@data-test='error']' contains exact text 'Epic sadface: Username is required'.</msg>
<arg>${msg_login_validation}</arg>
<arg>Epic sadface: Username is required</arg>
<doc>Verifies that element ``locator`` contains exact the text ``expected``.</doc>
<status status="PASS" start="2025-02-17T15:53:17.686027" elapsed="0.013379"/>
</kw>
<status status="PASS" start="2025-02-17T15:53:17.685846" elapsed="0.013641"/>
</kw>
<kw name="And Browser automatically close" owner="common">
<kw name="Sleep" owner="BuiltIn">
<msg time="2025-02-17T15:53:19.702689" level="INFO">Slept 2 seconds.</msg>
<arg>2</arg>
<doc>Pauses the test executed for the given time.</doc>
<status status="PASS" start="2025-02-17T15:53:17.699953" elapsed="2.003324"/>
</kw>
<kw name="Close Browser" owner="SeleniumLibrary">
<doc>Closes the current browser.</doc>
<status status="PASS" start="2025-02-17T15:53:19.704379" elapsed="0.088694"/>
</kw>
<status status="PASS" start="2025-02-17T15:53:17.699661" elapsed="2.093504"/>
</kw>
<status status="PASS" start="2025-02-17T15:53:13.117320" elapsed="6.675975"/>
</test>
<test id="s1-t4" name="Scenario: Verify user should be failed login without input password" line="35">
<kw name="Given user open the saucedemo apps" owner="common">
<kw name="Set Selenium Implicit Wait" owner="SeleniumLibrary">
<arg>10</arg>
<doc>Sets the implicit wait value used by Selenium.</doc>
<status status="PASS" start="2025-02-17T15:53:19.793913" elapsed="0.000192"/>
</kw>
<kw name="Open Browser" owner="SeleniumLibrary">
<msg time="2025-02-17T15:53:19.794369" level="INFO">Opening browser 'chrome' to base url 'https://saucedemo.com'.</msg>
<arg>https://saucedemo.com</arg>
<arg>chrome</arg>
<doc>Opens a new browser instance to the optional ``url``.</doc>
<status status="PASS" start="2025-02-17T15:53:19.794244" elapsed="3.848330"/>
</kw>
<kw name="Maximize Browser Window" owner="SeleniumLibrary">
<doc>Maximizes current browser window.</doc>
<status status="PASS" start="2025-02-17T15:53:23.643509" elapsed="0.602172"/>
</kw>
<status status="PASS" start="2025-02-17T15:53:19.793739" elapsed="4.452052"/>
</kw>
<kw name="When user input correct username" owner="login">
<kw name="Input Text" owner="SeleniumLibrary">
<msg time="2025-02-17T15:53:24.246458" level="INFO">Typing text 'standard_user' into text field '//*[@id="user-name"]'.</msg>
<arg>${username_tb}</arg>
<arg>${username}</arg>
<doc>Types the given ``text`` into the text field identified by ``locator``.</doc>
<status status="PASS" start="2025-02-17T15:53:24.246277" elapsed="0.111335"/>
</kw>
<arg>standard_user</arg>
<status status="PASS" start="2025-02-17T15:53:24.246042" elapsed="0.111652"/>
</kw>
<kw name="And user doesn't fill password" owner="login">
<kw name="Clear Element Text" owner="SeleniumLibrary">
<arg>${password_tb}</arg>
<doc>Clears the value of the text-input-element identified by ``locator``.</doc>
<status status="PASS" start="2025-02-17T15:53:24.358065" elapsed="0.017417"/>
</kw>
<status status="PASS" start="2025-02-17T15:53:24.357881" elapsed="0.017683"/>
</kw>
<kw name="And User click the login button" owner="login">
<kw name="Click Element" owner="SeleniumLibrary">
<msg time="2025-02-17T15:53:24.376008" level="INFO">Clicking element '//*[@id="login-button"]'.</msg>
<arg>${login_btn}</arg>
<doc>Click the element identified by ``locator``.</doc>
<status status="PASS" start="2025-02-17T15:53:24.375889" elapsed="0.050195"/>
</kw>
<status status="PASS" start="2025-02-17T15:53:24.375716" elapsed="0.050448"/>
</kw>
<kw name="Then User can't login to system because password only is empty" owner="login">
<kw name="Element Text Should Be" owner="SeleniumLibrary">
<msg time="2025-02-17T15:53:24.426633" level="INFO">Verifying element '//h3[@data-test='error']' contains exact text 'Epic sadface: Password is required'.</msg>
<arg>${msg_login_validation}</arg>
<arg>Epic sadface: Password is required</arg>
<doc>Verifies that element ``locator`` contains exact the text ``expected``.</doc>
<status status="PASS" start="2025-02-17T15:53:24.426496" elapsed="0.013792"/>
</kw>
<status status="PASS" start="2025-02-17T15:53:24.426331" elapsed="0.014024"/>
</kw>
<kw name="And Browser automatically close" owner="common">
<kw name="Sleep" owner="BuiltIn">
<msg time="2025-02-17T15:53:26.443425" level="INFO">Slept 2 seconds.</msg>
<arg>2</arg>
<doc>Pauses the test executed for the given time.</doc>
<status status="PASS" start="2025-02-17T15:53:24.440656" elapsed="2.003788"/>
</kw>
<kw name="Close Browser" owner="SeleniumLibrary">
<doc>Closes the current browser.</doc>
<status status="PASS" start="2025-02-17T15:53:26.446299" elapsed="0.091950"/>
</kw>
<status status="PASS" start="2025-02-17T15:53:24.440503" elapsed="2.097834"/>
</kw>
<status status="PASS" start="2025-02-17T15:53:19.793439" elapsed="6.745186"/>
</test>
<test id="s1-t5" name="Scenario: Verify user should be failed login using random username and random password" line="43">
<kw name="Given user open the saucedemo apps" owner="common">
<kw name="Set Selenium Implicit Wait" owner="SeleniumLibrary">
<arg>10</arg>
<doc>Sets the implicit wait value used by Selenium.</doc>
<status status="PASS" start="2025-02-17T15:53:26.539330" elapsed="0.000188"/>
</kw>
<kw name="Open Browser" owner="SeleniumLibrary">
<msg time="2025-02-17T15:53:26.539781" level="INFO">Opening browser 'chrome' to base url 'https://saucedemo.com'.</msg>
<arg>https://saucedemo.com</arg>
<arg>chrome</arg>
<doc>Opens a new browser instance to the optional ``url``.</doc>
<status status="PASS" start="2025-02-17T15:53:26.539654" elapsed="4.032841"/>
</kw>
<kw name="Maximize Browser Window" owner="SeleniumLibrary">
<doc>Maximizes current browser window.</doc>
<status status="PASS" start="2025-02-17T15:53:30.572857" elapsed="0.367915"/>
</kw>
<status status="PASS" start="2025-02-17T15:53:26.539163" elapsed="4.401712"/>
</kw>
<kw name="When user input random username" owner="login">
<kw name="Input Text" owner="SeleniumLibrary">
<msg time="2025-02-17T15:53:30.941584" level="INFO">Typing text 'pokemon' into text field '//*[@id="user-name"]'.</msg>
<arg>${username_tb}</arg>
<arg>${rand_user}</arg>
<doc>Types the given ``text`` into the text field identified by ``locator``.</doc>
<status status="PASS" start="2025-02-17T15:53:30.941402" elapsed="0.097090"/>
</kw>
<arg>pokemon</arg>
<status status="PASS" start="2025-02-17T15:53:30.941125" elapsed="0.097456"/>
</kw>
<kw name="And user input random password" owner="login">
<kw name="Input Password" owner="SeleniumLibrary">
<msg time="2025-02-17T15:53:31.039137" level="INFO">Typing password into text field '//*[@id="password"]'.</msg>
<msg time="2025-02-17T15:53:31.057318" level="INFO">Temporally setting log level to: NONE</msg>
<arg>${password_tb}</arg>
<arg>${rand_pass}</arg>
<doc>Types the given password into the text field identified by ``locator``.</doc>
<status status="PASS" start="2025-02-17T15:53:31.038996" elapsed="0.041215"/>
</kw>
<arg>pikachu</arg>
<status status="PASS" start="2025-02-17T15:53:31.038764" elapsed="0.041524"/>
</kw>
<kw name="And User click the login button" owner="login">
<kw name="Click Element" owner="SeleniumLibrary">
<msg time="2025-02-17T15:53:31.080756" level="INFO">Clicking element '//*[@id="login-button"]'.</msg>
<arg>${login_btn}</arg>
<doc>Click the element identified by ``locator``.</doc>
<status status="PASS" start="2025-02-17T15:53:31.080636" elapsed="0.041024"/>
</kw>
<status status="PASS" start="2025-02-17T15:53:31.080460" elapsed="0.041278"/>
</kw>
<kw name="Then User can't login to system because username and password are invalid" owner="login">
<kw name="Element Text Should Be" owner="SeleniumLibrary">
<msg time="2025-02-17T15:53:31.122189" level="INFO">Verifying element '//h3[@data-test='error']' contains exact text 'Epic sadface: Username and password do not match any user in this service'.</msg>
<arg>${msg_login_validation}</arg>
<arg>Epic sadface: Username and password do not match any user in this service</arg>
<doc>Verifies that element ``locator`` contains exact the text ``expected``.</doc>
<status status="PASS" start="2025-02-17T15:53:31.122061" elapsed="0.013576"/>
</kw>
<status status="PASS" start="2025-02-17T15:53:31.121895" elapsed="0.013816"/>
</kw>
<kw name="And Browser automatically close" owner="common">
<kw name="Sleep" owner="BuiltIn">
<msg time="2025-02-17T15:53:33.137030" level="INFO">Slept 2 seconds.</msg>
<arg>2</arg>
<doc>Pauses the test executed for the given time.</doc>
<status status="PASS" start="2025-02-17T15:53:31.136027" elapsed="2.001185"/>
</kw>
<kw name="Close Browser" owner="SeleniumLibrary">
<doc>Closes the current browser.</doc>
<status status="PASS" start="2025-02-17T15:53:33.137487" elapsed="0.088842"/>
</kw>
<status status="PASS" start="2025-02-17T15:53:31.135873" elapsed="2.090557"/>
</kw>
<status status="PASS" start="2025-02-17T15:53:26.538834" elapsed="6.687729"/>
</test>
<test id="s1-t6" name="Scenario: Verify user should be failed login using locked_out_user" line="51">
<kw name="Given user open the saucedemo apps" owner="common">
<kw name="Set Selenium Implicit Wait" owner="SeleniumLibrary">
<arg>10</arg>
<doc>Sets the implicit wait value used by Selenium.</doc>
<status status="PASS" start="2025-02-17T15:53:33.227147" elapsed="0.000111"/>
</kw>
<kw name="Open Browser" owner="SeleniumLibrary">
<msg time="2025-02-17T15:53:33.227426" level="INFO">Opening browser 'chrome' to base url 'https://saucedemo.com'.</msg>
<arg>https://saucedemo.com</arg>
<arg>chrome</arg>
<doc>Opens a new browser instance to the optional ``url``.</doc>
<status status="PASS" start="2025-02-17T15:53:33.227340" elapsed="4.063691"/>
</kw>
<kw name="Maximize Browser Window" owner="SeleniumLibrary">
<doc>Maximizes current browser window.</doc>
<status status="PASS" start="2025-02-17T15:53:37.291363" elapsed="0.365947"/>
</kw>
<status status="PASS" start="2025-02-17T15:53:33.226993" elapsed="4.430412"/>
</kw>
<kw name="When user input random username" owner="login">
<kw name="Input Text" owner="SeleniumLibrary">
<msg time="2025-02-17T15:53:37.658069" level="INFO">Typing text 'locked_out_user' into text field '//*[@id="user-name"]'.</msg>
<arg>${username_tb}</arg>
<arg>${rand_user}</arg>
<doc>Types the given ``text`` into the text field identified by ``locator``.</doc>
<status status="PASS" start="2025-02-17T15:53:37.657886" elapsed="0.097326"/>
</kw>
<arg>locked_out_user</arg>
<status status="PASS" start="2025-02-17T15:53:37.657634" elapsed="0.097662"/>
</kw>
<kw name="And user input correct password" owner="login">
<kw name="Input Password" owner="SeleniumLibrary">
<msg time="2025-02-17T15:53:37.755895" level="INFO">Typing password into text field '//*[@id="password"]'.</msg>
<msg time="2025-02-17T15:53:37.775562" level="INFO">Temporally setting log level to: NONE</msg>
<arg>${password_tb}</arg>
<arg>${password}</arg>
<doc>Types the given password into the text field identified by ``locator``.</doc>
<status status="PASS" start="2025-02-17T15:53:37.755754" elapsed="0.044550"/>
</kw>
<arg>secret_sauce</arg>
<status status="PASS" start="2025-02-17T15:53:37.755556" elapsed="0.044833"/>
</kw>
<kw name="And User click the login button" owner="login">
<kw name="Click Element" owner="SeleniumLibrary">
<msg time="2025-02-17T15:53:37.800839" level="INFO">Clicking element '//*[@id="login-button"]'.</msg>
<arg>${login_btn}</arg>
<doc>Click the element identified by ``locator``.</doc>
<status status="PASS" start="2025-02-17T15:53:37.800724" elapsed="0.042268"/>
</kw>
<status status="PASS" start="2025-02-17T15:53:37.800551" elapsed="0.042527"/>
</kw>
<kw name="Then User can't login to system because user has been locked out" owner="login">
<kw name="Element Text Should Be" owner="SeleniumLibrary">
<msg time="2025-02-17T15:53:37.843590" level="INFO">Verifying element '//h3[@data-test='error']' contains exact text 'Epic sadface: Sorry, this user has been locked out.'.</msg>
<arg>${msg_login_validation}</arg>
<arg>Epic sadface: Sorry, this user has been locked out.</arg>
<doc>Verifies that element ``locator`` contains exact the text ``expected``.</doc>
<status status="PASS" start="2025-02-17T15:53:37.843449" elapsed="0.013516"/>
</kw>
<status status="PASS" start="2025-02-17T15:53:37.843264" elapsed="0.013821"/>
</kw>
<kw name="And Browser automatically close" owner="common">
<kw name="Sleep" owner="BuiltIn">
<msg time="2025-02-17T15:53:39.858740" level="INFO">Slept 2 seconds.</msg>
<arg>2</arg>
<doc>Pauses the test executed for the given time.</doc>
<status status="PASS" start="2025-02-17T15:53:37.857477" elapsed="2.001381"/>
</kw>
<kw name="Close Browser" owner="SeleniumLibrary">
<doc>Closes the current browser.</doc>
<status status="PASS" start="2025-02-17T15:53:39.859177" elapsed="0.080626"/>
</kw>
<status status="PASS" start="2025-02-17T15:53:37.857295" elapsed="2.082650"/>
</kw>
<status status="PASS" start="2025-02-17T15:53:33.226710" elapsed="6.713365"/>
</test>
<status status="PASS" start="2025-02-17T15:52:40.697491" elapsed="59.242909"/>
</suite>
<statistics>
<total>
<stat pass="6" fail="0" skip="0">All Tests</stat>
</total>
<tag>
</tag>
<suite>
<stat name="Login Scenario" id="s1" pass="6" fail="0" skip="0">Login Scenario</stat>
</suite>
</statistics>
<errors>
</errors>
</robot>
